<?xml version="1.0" encoding="UTF-8"?>
<testsuite name="com.automation.testapplication.TestApplicationTests" tests="1" skipped="0" failures="0" errors="0" timestamp="2021-01-30T16:17:01" hostname="Rohans-MacBook-Pro.local" time="1.793">
  <properties/>
  <testcase name="testAppStatusDigest()" classname="com.automation.testapplication.TestApplicationTests" time="1.793"/>
  <system-out><![CDATA[11:16:56.930 [Test worker] DEBUG org.springframework.test.context.BootstrapUtils - Instantiating CacheAwareContextLoaderDelegate from class [org.springframework.test.context.cache.DefaultCacheAwareContextLoaderDelegate]
11:16:56.941 [Test worker] DEBUG org.springframework.test.context.BootstrapUtils - Instantiating BootstrapContext using constructor [public org.springframework.test.context.support.DefaultBootstrapContext(java.lang.Class,org.springframework.test.context.CacheAwareContextLoaderDelegate)]
11:16:56.969 [Test worker] DEBUG org.springframework.test.context.BootstrapUtils - Instantiating TestContextBootstrapper for test class [com.automation.testapplication.TestApplicationTests] from class [org.springframework.boot.test.context.SpringBootTestContextBootstrapper]
11:16:56.978 [Test worker] INFO org.springframework.boot.test.context.SpringBootTestContextBootstrapper - Neither @ContextConfiguration nor @ContextHierarchy found for test class [com.automation.testapplication.TestApplicationTests], using SpringBootContextLoader
11:16:56.981 [Test worker] DEBUG org.springframework.test.context.support.AbstractContextLoader - Did not detect default resource location for test class [com.automation.testapplication.TestApplicationTests]: class path resource [com/automation/testapplication/TestApplicationTests-context.xml] does not exist
11:16:56.982 [Test worker] DEBUG org.springframework.test.context.support.AbstractContextLoader - Did not detect default resource location for test class [com.automation.testapplication.TestApplicationTests]: class path resource [com/automation/testapplication/TestApplicationTestsContext.groovy] does not exist
11:16:56.982 [Test worker] INFO org.springframework.test.context.support.AbstractContextLoader - Could not detect default resource locations for test class [com.automation.testapplication.TestApplicationTests]: no resource found for suffixes {-context.xml, Context.groovy}.
11:16:56.983 [Test worker] INFO org.springframework.test.context.support.AnnotationConfigContextLoaderUtils - Could not detect default configuration classes for test class [com.automation.testapplication.TestApplicationTests]: TestApplicationTests does not declare any static, non-private, non-final, nested classes annotated with @Configuration.
11:16:57.032 [Test worker] DEBUG org.springframework.test.context.support.ActiveProfilesUtils - Could not find an 'annotation declaring class' for annotation type [org.springframework.test.context.ActiveProfiles] and class [com.automation.testapplication.TestApplicationTests]
11:16:57.108 [Test worker] DEBUG org.springframework.context.annotation.ClassPathScanningCandidateComponentProvider - Identified candidate component class: file [/Users/rbhattarai/develop/test-application/build/classes/java/main/com/automation/testapplication/TestApplication.class]
11:16:57.110 [Test worker] INFO org.springframework.boot.test.context.SpringBootTestContextBootstrapper - Found @SpringBootConfiguration com.automation.testapplication.TestApplication for test class com.automation.testapplication.TestApplicationTests
11:16:57.192 [Test worker] DEBUG org.springframework.boot.test.context.SpringBootTestContextBootstrapper - @TestExecutionListeners is not present for class [com.automation.testapplication.TestApplicationTests]: using defaults.
11:16:57.193 [Test worker] INFO org.springframework.boot.test.context.SpringBootTestContextBootstrapper - Loaded default TestExecutionListener class names from location [META-INF/spring.factories]: [org.springframework.boot.test.autoconfigure.restdocs.RestDocsTestExecutionListener, org.springframework.boot.test.autoconfigure.web.client.MockRestServiceServerResetTestExecutionListener, org.springframework.boot.test.autoconfigure.web.servlet.MockMvcPrintOnlyOnFailureTestExecutionListener, org.springframework.boot.test.autoconfigure.web.servlet.WebDriverTestExecutionListener, org.springframework.boot.test.autoconfigure.webservices.client.MockWebServiceServerTestExecutionListener, org.springframework.boot.test.mock.mockito.MockitoTestExecutionListener, org.springframework.boot.test.mock.mockito.ResetMocksTestExecutionListener, org.springframework.test.context.web.ServletTestExecutionListener, org.springframework.test.context.support.DirtiesContextBeforeModesTestExecutionListener, org.springframework.test.context.event.ApplicationEventsTestExecutionListener, org.springframework.test.context.support.DependencyInjectionTestExecutionListener, org.springframework.test.context.support.DirtiesContextTestExecutionListener, org.springframework.test.context.transaction.TransactionalTestExecutionListener, org.springframework.test.context.jdbc.SqlScriptsTestExecutionListener, org.springframework.test.context.event.EventPublishingTestExecutionListener]
11:16:57.210 [Test worker] INFO org.springframework.boot.test.context.SpringBootTestContextBootstrapper - Using TestExecutionListeners: [org.springframework.test.context.web.ServletTestExecutionListener@4799fb3b, org.springframework.test.context.support.DirtiesContextBeforeModesTestExecutionListener@50966e10, org.springframework.test.context.event.ApplicationEventsTestExecutionListener@5112eace, org.springframework.boot.test.mock.mockito.MockitoTestExecutionListener@1837e1a7, org.springframework.boot.test.autoconfigure.SpringBootDependencyInjectionTestExecutionListener@10ff81b9, org.springframework.test.context.support.DirtiesContextTestExecutionListener@73fa9b58, org.springframework.test.context.transaction.TransactionalTestExecutionListener@35784b73, org.springframework.test.context.jdbc.SqlScriptsTestExecutionListener@12e5bea2, org.springframework.test.context.event.EventPublishingTestExecutionListener@7e7b070e, org.springframework.boot.test.autoconfigure.restdocs.RestDocsTestExecutionListener@59fc73c2, org.springframework.boot.test.autoconfigure.web.client.MockRestServiceServerResetTestExecutionListener@2ea8985d, org.springframework.boot.test.autoconfigure.web.servlet.MockMvcPrintOnlyOnFailureTestExecutionListener@11873384, org.springframework.boot.test.autoconfigure.web.servlet.WebDriverTestExecutionListener@376215cd, org.springframework.boot.test.autoconfigure.webservices.client.MockWebServiceServerTestExecutionListener@d3a1280, org.springframework.boot.test.mock.mockito.ResetMocksTestExecutionListener@67ba090a]
11:16:57.214 [Test worker] DEBUG org.springframework.test.context.support.AbstractDirtiesContextTestExecutionListener - Before test class: context [DefaultTestContext@6578521 testClass = TestApplicationTests, testInstance = [null], testMethod = [null], testException = [null], mergedContextConfiguration = [WebMergedContextConfiguration@694312e8 testClass = TestApplicationTests, locations = '{}', classes = '{class com.automation.testapplication.TestApplication}', contextInitializerClasses = '[]', activeProfiles = '{}', propertySourceLocations = '{}', propertySourceProperties = '{org.springframework.boot.test.context.SpringBootTestContextBootstrapper=true}', contextCustomizers = set[org.springframework.boot.test.autoconfigure.actuate.metrics.MetricsExportContextCustomizerFactory$DisableMetricExportContextCustomizer@ba440ee, org.springframework.boot.test.autoconfigure.properties.PropertyMappingContextCustomizer@0, org.springframework.boot.test.autoconfigure.web.servlet.WebDriverContextCustomizerFactory$Customizer@70e71628, org.springframework.boot.test.context.filter.ExcludeFilterContextCustomizer@62046fb8, org.springframework.boot.test.json.DuplicateJsonObjectContextCustomizerFactory$DuplicateJsonObjectContextCustomizer@692d6c45, org.springframework.boot.test.mock.mockito.MockitoContextCustomizer@0, org.springframework.boot.test.web.client.TestRestTemplateContextCustomizer@2c97d005, org.springframework.boot.test.context.SpringBootTestArgs@1, org.springframework.boot.test.context.SpringBootTestWebEnvironment@5520c159], resourceBasePath = 'src/main/webapp', contextLoader = 'org.springframework.boot.test.context.SpringBootContextLoader', parent = [null]], attributes = map['org.springframework.test.context.web.ServletTestExecutionListener.activateListener' -> true]], class annotated with @DirtiesContext [false] with mode [null].
11:16:57.577 [Test worker] DEBUG org.springframework.test.context.support.TestPropertySourceUtils - Adding inlined properties to environment: {spring.jmx.enabled=false, org.springframework.boot.test.context.SpringBootTestContextBootstrapper=true}

  .   ____          _            __ _ _
 /\\ / ___'_ __ _ _(_)_ __  __ _ \ \ \ \
( ( )\___ | '_ | '_| | '_ \/ _` | \ \ \ \
 \\/  ___)| |_)| | | | | || (_| |  ) ) ) )
  '  |____| .__|_| |_|_| |_\__, | / / / /
 =========|_|==============|___/=/_/_/_/
 :: Spring Boot ::                (v2.4.2)

2021-01-30 11:16:57.811  INFO 23144 --- [    Test worker] c.a.t.TestApplicationTests               : Starting TestApplicationTests using Java 15.0.1 on Rohans-MacBook-Pro.local with PID 23144 (started by rbhattarai in /Users/rbhattarai/develop/test-application)
2021-01-30 11:16:57.816  INFO 23144 --- [    Test worker] c.a.t.TestApplicationTests               : No active profile set, falling back to default profiles: default
2021-01-30 11:16:58.346  INFO 23144 --- [    Test worker] .s.d.r.c.RepositoryConfigurationDelegate : Bootstrapping Spring Data JPA repositories in DEFAULT mode.
2021-01-30 11:16:58.383  INFO 23144 --- [    Test worker] .s.d.r.c.RepositoryConfigurationDelegate : Finished Spring Data repository scanning in 31 ms. Found 1 JPA repository interfaces.
2021-01-30 11:16:59.029  INFO 23144 --- [    Test worker] com.zaxxer.hikari.HikariDataSource       : HikariPool-1 - Starting...
2021-01-30 11:16:59.180  INFO 23144 --- [    Test worker] com.zaxxer.hikari.HikariDataSource       : HikariPool-1 - Start completed.
2021-01-30 11:16:59.238  INFO 23144 --- [    Test worker] o.hibernate.jpa.internal.util.LogHelper  : HHH000204: Processing PersistenceUnitInfo [name: default]
2021-01-30 11:16:59.278  INFO 23144 --- [    Test worker] org.hibernate.Version                    : HHH000412: Hibernate ORM core version 5.4.27.Final
2021-01-30 11:16:59.415  INFO 23144 --- [    Test worker] o.hibernate.annotations.common.Version   : HCANN000001: Hibernate Commons Annotations {5.1.2.Final}
2021-01-30 11:16:59.524  INFO 23144 --- [    Test worker] org.hibernate.dialect.Dialect            : HHH000400: Using dialect: org.hibernate.dialect.H2Dialect
2021-01-30 11:17:00.014  INFO 23144 --- [    Test worker] o.h.e.t.j.p.i.JtaPlatformInitiator       : HHH000490: Using JtaPlatform implementation: [org.hibernate.engine.transaction.jta.platform.internal.NoJtaPlatform]
2021-01-30 11:17:00.019  INFO 23144 --- [    Test worker] j.LocalContainerEntityManagerFactoryBean : Initialized JPA EntityManagerFactory for persistence unit 'default'
2021-01-30 11:17:00.601  WARN 23144 --- [    Test worker] JpaBaseConfiguration$JpaWebConfiguration : spring.jpa.open-in-view is enabled by default. Therefore, database queries may be performed during view rendering. Explicitly configure spring.jpa.open-in-view to disable this warning
2021-01-30 11:17:00.858  INFO 23144 --- [    Test worker] o.s.s.concurrent.ThreadPoolTaskExecutor  : Initializing ExecutorService 'applicationTaskExecutor'
2021-01-30 11:17:00.962  INFO 23144 --- [    Test worker] o.s.b.a.w.s.WelcomePageHandlerMapping    : Adding welcome page template: index
2021-01-30 11:17:01.533  INFO 23144 --- [    Test worker] o.s.s.web.DefaultSecurityFilterChain     : Will secure any request with [org.springframework.security.web.context.request.async.WebAsyncManagerIntegrationFilter@52006aa3, org.springframework.security.web.context.SecurityContextPersistenceFilter@32f47e20, org.springframework.security.web.header.HeaderWriterFilter@693a43f7, org.springframework.security.web.csrf.CsrfFilter@642866d8, org.springframework.security.web.authentication.logout.LogoutFilter@5c12674e, org.springframework.security.web.authentication.UsernamePasswordAuthenticationFilter@2627066c, org.springframework.security.web.authentication.ui.DefaultLoginPageGeneratingFilter@3ff772df, org.springframework.security.web.authentication.ui.DefaultLogoutPageGeneratingFilter@2083e044, org.springframework.security.web.authentication.www.BasicAuthenticationFilter@76d623d3, org.springframework.security.web.savedrequest.RequestCacheAwareFilter@750d46c2, org.springframework.security.web.servletapi.SecurityContextHolderAwareRequestFilter@643399ed, org.springframework.security.web.authentication.AnonymousAuthenticationFilter@670c973c, org.springframework.security.web.session.SessionManagementFilter@74b1ae97, org.springframework.security.web.access.ExceptionTranslationFilter@6b887149, org.springframework.security.web.access.intercept.FilterSecurityInterceptor@43270d17]
2021-01-30 11:17:01.630  INFO 23144 --- [    Test worker] c.a.t.TestApplicationTests               : Started TestApplicationTests in 4.046 seconds (JVM running for 5.454)
]]></system-out>
  <system-err><![CDATA[]]></system-err>
</testsuite>
